Arguments: 
  /usr/local/Cellar/node/9.5.0/bin/node /usr/local/bin/yarn run build

PATH: 
  /opt/local/bin:/opt/local/sbin:/opt/local/bin:/opt/local/sbin:/usr/local/bin:/usr/bin:/bin:/usr/sbin:/sbin:/Users/howard.salter/scripts:/Users/howard.salter/.composer/vendor/bin:/usr/local/share/npm/bin

Yarn version: 
  1.5.1

Node version: 
  9.5.0

Platform: 
  darwin x64

npm manifest: 
  {
    "name": "trilogyreact",
    "version": "0.1.0",
    "private": true,
    "dependencies": {
      "axios": "^0.18.0",
      "jquery.terminal": "^1.16.1",
      "react": "^16.4.1",
      "react-dom": "^16.4.1",
      "react-router-dom": "^4.3.1",
      "react-scripts": "1.1.4"
    },
    "scripts": {
      "start": "react-scripts start",
      "build": "react-scripts build",
      "test": "react-scripts test --env=jsdom",
      "eject": "react-scripts eject"
    }
  }

yarn manifest: 
  No manifest

Lockfile: 
  No lockfile

Trace: 
  Error: Command failed.
  Exit code: 1
  Command: sh
  Arguments: -c react-scripts build
  Directory: /Users/howard.salter/TrilogyProject
  Output:
  
      at ProcessTermError.MessageError (/usr/local/lib/node_modules/yarn/lib/cli.js:186:110)
      at new ProcessTermError (/usr/local/lib/node_modules/yarn/lib/cli.js:226:113)
      at ChildProcess.<anonymous> (/usr/local/lib/node_modules/yarn/lib/cli.js:30281:17)
      at ChildProcess.emit (events.js:160:13)
      at maybeClose (internal/child_process.js:943:16)
      at Process.ChildProcess._handle.onexit (internal/child_process.js:220:5)
